Build started 2011-07-27 14:13:09.
     1>Project "D:\Programowanie\Programy\nGene\nGENE MaterialEditor Control\nGENE MaterialEditor Control.vcxproj" on node 2 (build target(s)).
     1>InitializeBuildStatus:
         Creating "Debug\nGENE MaterialEditor Control.unsuccessfulbuild" because "AlwaysCreate" was specified.
       GenerateTargetFrameworkMonikerAttribute:
       Skipping target "GenerateTargetFrameworkMonikerAttribute" because all output files are up-to-date with respect to the input files.
       ClCompile:
         All outputs are up-to-date.
         All outputs are up-to-date.
         All outputs are up-to-date.
       CoreResGen:
         All outputs are up-to-date.
       ResourceCompile:
         All outputs are up-to-date.
       Link:
         d:\Programowanie\Microsoft Visual Studio 10\VC\bin\link.exe /ERRORREPORT:PROMPT /OUT:"..\bin\Debug\nGENE MaterialEditor Control.dll" /INCREMENTAL /NOLOGO /ASSEMBLYRESOURCE:Debug\nGENEMaterialEditorControl.MaterialFunction.resources /ASSEMBLYRESOURCE:"Debug\nGENEMaterialEditorControl.nGENE MaterialEditor ControlControl.resources" /MANIFEST /ManifestFile:"Debug\nGENE MaterialEditor Control.dll.intermediate.manifest" /MANIFESTUAC:"level='asInvoker' uiAccess='false'" /DEBUG /PDB:"D:\Programowanie\Programy\nGene\bin\Debug\nGENE MaterialEditor Control.pdb" /ASSEMBLYDEBUG /TLBID:1 /DYNAMICBASE /FIXED:NO /NXCOMPAT /MACHINE:X86 /DLL Debug\app.res
         Debug\AssemblyInfo.obj
         Debug\MaterialFunction.obj
         "Debug\nGENE MaterialEditor ControlControl.obj"
         Debug\stdafx.obj
         "Debug\.NETFramework,Version=v4.0.AssemblyAttributes.obj"
         nGENE MaterialEditor Control.vcxproj -> D:\Programowanie\Programy\nGene\nGENE MaterialEditor Control\..\bin\Debug\nGENE MaterialEditor Control.dll
       Manifest:
         C:\Program Files (x86)\Microsoft SDKs\Windows\v7.0A\bin\mt.exe /nologo /verbose /outputresource:"..\bin\Debug\nGENE MaterialEditor Control.dll;#2" /manifest "Debug\nGENE MaterialEditor Control.dll.intermediate.manifest"
       FinalizeBuildStatus:
         Deleting file "Debug\nGENE MaterialEditor Control.unsuccessfulbuild".
         Touching "Debug\nGENE MaterialEditor Control.lastbuildstate".
     1>Done Building Project "D:\Programowanie\Programy\nGene\nGENE MaterialEditor Control\nGENE MaterialEditor Control.vcxproj" (build target(s)).

Build succeeded.

Time Elapsed 00:00:05.53
