..\bin\Debug\nGENE MaterialEditor Control.ilk
..\bin\Debug\nGENE MaterialEditor Control.pdb
D:\PROGRAMOWANIE\PROGRAMY\NGENE\BIN\DEBUG\NGENE MATERIALEDITOR CONTROL.DLL
D:\PROGRAMOWANIE\PROGRAMY\NGENE\BIN\DEBUG\NGENE MATERIALEDITOR CONTROL.ILK
D:\PROGRAMOWANIE\PROGRAMY\NGENE\BIN\DEBUG\NGENE MATERIALEDITOR CONTROL.PDB
D:\Programowanie\Programy\nGene\nGENE MaterialEditor Control\..\bin\Debug\nGENE MaterialEditor Control.dll
D:\PROGRAMOWANIE\PROGRAMY\NGENE\NGENE MATERIALEDITOR CONTROL\DEBUG\.NETFRAMEWORK,VERSION=V4.0.ASSEMBLYATTRIBUTES.OBJ
D:\PROGRAMOWANIE\PROGRAMY\NGENE\NGENE MATERIALEDITOR CONTROL\DEBUG\APP.RES
D:\PROGRAMOWANIE\PROGRAMY\NGENE\NGENE MATERIALEDITOR CONTROL\DEBUG\ASSEMBLYINFO.OBJ
D:\Programowanie\Programy\nGene\nGENE MaterialEditor Control\Debug\cl.command.1.tlog
D:\Programowanie\Programy\nGene\nGENE MaterialEditor Control\Debug\CL.read.1.tlog
D:\Programowanie\Programy\nGene\nGENE MaterialEditor Control\Debug\CL.write.1.tlog
D:\Programowanie\Programy\nGene\nGENE MaterialEditor Control\Debug\GenerateResource.read.1.tlog
D:\Programowanie\Programy\nGene\nGENE MaterialEditor Control\Debug\GenerateResource.read.31.tlog
D:\Programowanie\Programy\nGene\nGENE MaterialEditor Control\Debug\GenerateResource.write.1.tlog
D:\Programowanie\Programy\nGene\nGENE MaterialEditor Control\Debug\GenerateResource.write.31.tlog
D:\Programowanie\Programy\nGene\nGENE MaterialEditor Control\Debug\link.4240.read.1.tlog
D:\Programowanie\Programy\nGene\nGENE MaterialEditor Control\Debug\link.4240.write.1.tlog
D:\Programowanie\Programy\nGene\nGENE MaterialEditor Control\Debug\link.4240-cvtres.read.1.tlog
D:\Programowanie\Programy\nGene\nGENE MaterialEditor Control\Debug\link.4240-cvtres.write.1.tlog
D:\Programowanie\Programy\nGene\nGENE MaterialEditor Control\Debug\link.8052.read.1.tlog
D:\Programowanie\Programy\nGene\nGENE MaterialEditor Control\Debug\link.8052.write.1.tlog
D:\Programowanie\Programy\nGene\nGENE MaterialEditor Control\Debug\link.8052-cvtres.read.1.tlog
D:\Programowanie\Programy\nGene\nGENE MaterialEditor Control\Debug\link.8052-cvtres.write.1.tlog
D:\Programowanie\Programy\nGene\nGENE MaterialEditor Control\Debug\link.command.1.tlog
D:\Programowanie\Programy\nGene\nGENE MaterialEditor Control\Debug\link.read.1.tlog
D:\Programowanie\Programy\nGene\nGENE MaterialEditor Control\Debug\link.write.1.tlog
D:\PROGRAMOWANIE\PROGRAMY\NGENE\NGENE MATERIALEDITOR CONTROL\DEBUG\MATERIALFUNCTION.OBJ
D:\Programowanie\Programy\nGene\nGENE MaterialEditor Control\Debug\mt.command.1.tlog
D:\Programowanie\Programy\nGene\nGENE MaterialEditor Control\Debug\mt.read.1.tlog
D:\Programowanie\Programy\nGene\nGENE MaterialEditor Control\Debug\mt.write.1.tlog
D:\PROGRAMOWANIE\PROGRAMY\NGENE\NGENE MATERIALEDITOR CONTROL\DEBUG\NGENE MATERIALEDITOR CONTROL.DLL.INTERMEDIATE.MANIFEST
D:\PROGRAMOWANIE\PROGRAMY\NGENE\NGENE MATERIALEDITOR CONTROL\DEBUG\NGENE MATERIALEDITOR CONTROL.PCH
D:\Programowanie\Programy\nGene\nGENE MaterialEditor Control\Debug\nGENE MaterialEditor Control.write.1.tlog
D:\PROGRAMOWANIE\PROGRAMY\NGENE\NGENE MATERIALEDITOR CONTROL\DEBUG\NGENE MATERIALEDITOR CONTROLCONTROL.OBJ
D:\PROGRAMOWANIE\PROGRAMY\NGENE\NGENE MATERIALEDITOR CONTROL\DEBUG\NGENEMATERIALEDITORCONTROL.MATERIALFUNCTION.RESOURCES
D:\PROGRAMOWANIE\PROGRAMY\NGENE\NGENE MATERIALEDITOR CONTROL\DEBUG\NGENEMATERIALEDITORCONTROL.NGENE MATERIALEDITOR CONTROLCONTROL.RESOURCES
D:\Programowanie\Programy\nGene\nGENE MaterialEditor Control\Debug\rc.command.1.tlog
D:\Programowanie\Programy\nGene\nGENE MaterialEditor Control\Debug\rc.read.1.tlog
D:\Programowanie\Programy\nGene\nGENE MaterialEditor Control\Debug\rc.write.1.tlog
D:\PROGRAMOWANIE\PROGRAMY\NGENE\NGENE MATERIALEDITOR CONTROL\DEBUG\STDAFX.OBJ
D:\PROGRAMOWANIE\PROGRAMY\NGENE\NGENE MATERIALEDITOR CONTROL\DEBUG\VC100.PDB
